The system is: Linux - 2.6.32-642.3.1.el6.x86_64 - x86_64
Compiling the C compiler identification source file "CMakeCCompilerId.c" succeeded.
Compiler: /opt/gcc/4.8.5/bin/cc 
Build flags: 
Id flags: 

The output was:
0


Compilation of the C compiler identification source "CMakeCCompilerId.c" produced "a.out"

The C compiler identification is GNU, found in "/home/el114/kyu/code/mybamtools/build/CMakeFiles/2.8.12.2/CompilerIdC/a.out"

Compiling the CXX compiler identification source file "CMakeCXXCompilerId.cpp" succeeded.
Compiler: /opt/gcc/4.8.5/bin/c++ 
Build flags: 
Id flags: 

The output was:
0


Compilation of the CXX compiler identification source "CMakeCXXCompilerId.cpp" produced "a.out"

The CXX compiler identification is GNU, found in "/home/el114/kyu/code/mybamtools/build/CMakeFiles/2.8.12.2/CompilerIdCXX/a.out"

Determining if the C compiler works passed with the following output:
Change Dir: /home/el114/kyu/code/mybamtools/build/CMakeFiles/CMakeTmp

Run Build Command:/usr/bin/gmake "cmTryCompileExec46845909/fast"
/usr/bin/gmake -f CMakeFiles/cmTryCompileExec46845909.dir/build.make CMakeFiles/cmTryCompileExec46845909.dir/build
gmake[1]: Entering directory `/n/data1/hms/dbmi/park/alee/kyu/eclipse/workspaces/genomics/mybamtools/build/CMakeFiles/CMakeTmp'
/usr/local/bin/cmake -E cmake_progress_report /home/el114/kyu/code/mybamtools/build/CMakeFiles/CMakeTmp/CMakeFiles 1
Building C object CMakeFiles/cmTryCompileExec46845909.dir/testCCompiler.c.o
/opt/gcc/4.8.5/bin/cc    -o CMakeFiles/cmTryCompileExec46845909.dir/testCCompiler.c.o   -c /home/el114/kyu/code/mybamtools/build/CMakeFiles/CMakeTmp/testCCompiler.c
Linking C executable cmTryCompileExec46845909
/usr/local/bin/cmake -E cmake_link_script CMakeFiles/cmTryCompileExec46845909.dir/link.txt --verbose=1
/opt/gcc/4.8.5/bin/cc       CMakeFiles/cmTryCompileExec46845909.dir/testCCompiler.c.o  -o cmTryCompileExec46845909 -rdynamic 
gmake[1]: Leaving directory `/n/data1/hms/dbmi/park/alee/kyu/eclipse/workspaces/genomics/mybamtools/build/CMakeFiles/CMakeTmp'


Detecting C compiler ABI info compiled with the following output:
Change Dir: /home/el114/kyu/code/mybamtools/build/CMakeFiles/CMakeTmp

Run Build Command:/usr/bin/gmake "cmTryCompileExec683407202/fast"
/usr/bin/gmake -f CMakeFiles/cmTryCompileExec683407202.dir/build.make CMakeFiles/cmTryCompileExec683407202.dir/build
gmake[1]: Entering directory `/n/data1/hms/dbmi/park/alee/kyu/eclipse/workspaces/genomics/mybamtools/build/CMakeFiles/CMakeTmp'
/usr/local/bin/cmake -E cmake_progress_report /home/el114/kyu/code/mybamtools/build/CMakeFiles/CMakeTmp/CMakeFiles 1
Building C object CMakeFiles/cmTryCompileExec683407202.dir/CMakeCCompilerABI.c.o
/opt/gcc/4.8.5/bin/cc    -o CMakeFiles/cmTryCompileExec683407202.dir/CMakeCCompilerABI.c.o   -c /usr/local/share/cmake-2.8/Modules/CMakeCCompilerABI.c
Linking C executable cmTryCompileExec683407202
/usr/local/bin/cmake -E cmake_link_script CMakeFiles/cmTryCompileExec683407202.dir/link.txt --verbose=1
/opt/gcc/4.8.5/bin/cc     -v CMakeFiles/cmTryCompileExec683407202.dir/CMakeCCompilerABI.c.o  -o cmTryCompileExec683407202 -rdynamic  
Using built-in specs.
COLLECT_GCC=/opt/gcc/4.8.5/bin/cc
COLLECT_LTO_WRAPPER=/opt/gcc/4.8.5/libexec/gcc/x86_64-unknown-linux-gnu/4.8.5/lto-wrapper
Target: x86_64-unknown-linux-gnu
Configured with: ../configure --enable-shared --prefix=/opt/gcc/4.8.5 --disable-multilib --disable-bootstrap
Thread model: posix
gcc version 4.8.5 (GCC) 
COMPILER_PATH=/opt/gcc/4.8.5/libexec/gcc/x86_64-unknown-linux-gnu/4.8.5/:/opt/gcc/4.8.5/libexec/gcc/x86_64-unknown-linux-gnu/4.8.5/:/opt/gcc/4.8.5/libexec/gcc/x86_64-unknown-linux-gnu/:/opt/gcc/4.8.5/lib/gcc/x86_64-unknown-linux-gnu/4.8.5/:/opt/gcc/4.8.5/lib/gcc/x86_64-unknown-linux-gnu/
LIBRARY_PATH=/opt/gcc/4.8.5/lib/gcc/x86_64-unknown-linux-gnu/4.8.5/:/opt/gcc/4.8.5/lib/gcc/x86_64-unknown-linux-gnu/4.8.5/../../../../lib64/:/lib/../lib64/:/usr/lib/../lib64/:/opt/gcc/4.8.5/lib/gcc/x86_64-unknown-linux-gnu/4.8.5/../../../:/lib/:/usr/lib/
COLLECT_GCC_OPTIONS='-v' '-o' 'cmTryCompileExec683407202' '-rdynamic' '-mtune=generic' '-march=x86-64'
 /opt/gcc/4.8.5/libexec/gcc/x86_64-unknown-linux-gnu/4.8.5/collect2 --eh-frame-hdr -m elf_x86_64 -export-dynamic -dynamic-linker /lib64/ld-linux-x86-64.so.2 -o cmTryCompileExec683407202 /usr/lib/../lib64/crt1.o /usr/lib/../lib64/crti.o /opt/gcc/4.8.5/lib/gcc/x86_64-unknown-linux-gnu/4.8.5/crtbegin.o -L/opt/gcc/4.8.5/lib/gcc/x86_64-unknown-linux-gnu/4.8.5 -L/opt/gcc/4.8.5/lib/gcc/x86_64-unknown-linux-gnu/4.8.5/../../../../lib64 -L/lib/../lib64 -L/usr/lib/../lib64 -L/opt/gcc/4.8.5/lib/gcc/x86_64-unknown-linux-gnu/4.8.5/../../.. CMakeFiles/cmTryCompileExec683407202.dir/CMakeCCompilerABI.c.o -lgcc --as-needed -lgcc_s --no-as-needed -lc -lgcc --as-needed -lgcc_s --no-as-needed /opt/gcc/4.8.5/lib/gcc/x86_64-unknown-linux-gnu/4.8.5/crtend.o /usr/lib/../lib64/crtn.o
gmake[1]: Leaving directory `/n/data1/hms/dbmi/park/alee/kyu/eclipse/workspaces/genomics/mybamtools/build/CMakeFiles/CMakeTmp'


Parsed C implicit link information from above output:
  link line regex: [^( *|.*[/\])(ld|([^/\]+-)?ld|collect2)[^/\]*( |$)]
  ignore line: [Change Dir: /home/el114/kyu/code/mybamtools/build/CMakeFiles/CMakeTmp]
  ignore line: []
  ignore line: [Run Build Command:/usr/bin/gmake "cmTryCompileExec683407202/fast"]
  ignore line: [/usr/bin/gmake -f CMakeFiles/cmTryCompileExec683407202.dir/build.make CMakeFiles/cmTryCompileExec683407202.dir/build]
  ignore line: [gmake[1]: Entering directory `/n/data1/hms/dbmi/park/alee/kyu/eclipse/workspaces/genomics/mybamtools/build/CMakeFiles/CMakeTmp']
  ignore line: [/usr/local/bin/cmake -E cmake_progress_report /home/el114/kyu/code/mybamtools/build/CMakeFiles/CMakeTmp/CMakeFiles 1]
  ignore line: [Building C object CMakeFiles/cmTryCompileExec683407202.dir/CMakeCCompilerABI.c.o]
  ignore line: [/opt/gcc/4.8.5/bin/cc    -o CMakeFiles/cmTryCompileExec683407202.dir/CMakeCCompilerABI.c.o   -c /usr/local/share/cmake-2.8/Modules/CMakeCCompilerABI.c]
  ignore line: [Linking C executable cmTryCompileExec683407202]
  ignore line: [/usr/local/bin/cmake -E cmake_link_script CMakeFiles/cmTryCompileExec683407202.dir/link.txt --verbose=1]
  ignore line: [/opt/gcc/4.8.5/bin/cc     -v CMakeFiles/cmTryCompileExec683407202.dir/CMakeCCompilerABI.c.o  -o cmTryCompileExec683407202 -rdynamic  ]
  ignore line: [Using built-in specs.]
  ignore line: [COLLECT_GCC=/opt/gcc/4.8.5/bin/cc]
  ignore line: [COLLECT_LTO_WRAPPER=/opt/gcc/4.8.5/libexec/gcc/x86_64-unknown-linux-gnu/4.8.5/lto-wrapper]
  ignore line: [Target: x86_64-unknown-linux-gnu]
  ignore line: [Configured with: ../configure --enable-shared --prefix=/opt/gcc/4.8.5 --disable-multilib --disable-bootstrap]
  ignore line: [Thread model: posix]
  ignore line: [gcc version 4.8.5 (GCC) ]
  ignore line: [COMPILER_PATH=/opt/gcc/4.8.5/libexec/gcc/x86_64-unknown-linux-gnu/4.8.5/:/opt/gcc/4.8.5/libexec/gcc/x86_64-unknown-linux-gnu/4.8.5/:/opt/gcc/4.8.5/libexec/gcc/x86_64-unknown-linux-gnu/:/opt/gcc/4.8.5/lib/gcc/x86_64-unknown-linux-gnu/4.8.5/:/opt/gcc/4.8.5/lib/gcc/x86_64-unknown-linux-gnu/]
  ignore line: [LIBRARY_PATH=/opt/gcc/4.8.5/lib/gcc/x86_64-unknown-linux-gnu/4.8.5/:/opt/gcc/4.8.5/lib/gcc/x86_64-unknown-linux-gnu/4.8.5/../../../../lib64/:/lib/../lib64/:/usr/lib/../lib64/:/opt/gcc/4.8.5/lib/gcc/x86_64-unknown-linux-gnu/4.8.5/../../../:/lib/:/usr/lib/]
  ignore line: [COLLECT_GCC_OPTIONS='-v' '-o' 'cmTryCompileExec683407202' '-rdynamic' '-mtune=generic' '-march=x86-64']
  link line: [ /opt/gcc/4.8.5/libexec/gcc/x86_64-unknown-linux-gnu/4.8.5/collect2 --eh-frame-hdr -m elf_x86_64 -export-dynamic -dynamic-linker /lib64/ld-linux-x86-64.so.2 -o cmTryCompileExec683407202 /usr/lib/../lib64/crt1.o /usr/lib/../lib64/crti.o /opt/gcc/4.8.5/lib/gcc/x86_64-unknown-linux-gnu/4.8.5/crtbegin.o -L/opt/gcc/4.8.5/lib/gcc/x86_64-unknown-linux-gnu/4.8.5 -L/opt/gcc/4.8.5/lib/gcc/x86_64-unknown-linux-gnu/4.8.5/../../../../lib64 -L/lib/../lib64 -L/usr/lib/../lib64 -L/opt/gcc/4.8.5/lib/gcc/x86_64-unknown-linux-gnu/4.8.5/../../.. CMakeFiles/cmTryCompileExec683407202.dir/CMakeCCompilerABI.c.o -lgcc --as-needed -lgcc_s --no-as-needed -lc -lgcc --as-needed -lgcc_s --no-as-needed /opt/gcc/4.8.5/lib/gcc/x86_64-unknown-linux-gnu/4.8.5/crtend.o /usr/lib/../lib64/crtn.o]
    arg [/opt/gcc/4.8.5/libexec/gcc/x86_64-unknown-linux-gnu/4.8.5/collect2] ==> ignore
    arg [--eh-frame-hdr] ==> ignore
    arg [-m] ==> ignore
    arg [elf_x86_64] ==> ignore
    arg [-export-dynamic] ==> ignore
    arg [-dynamic-linker] ==> ignore
    arg [/lib64/ld-linux-x86-64.so.2] ==> ignore
    arg [-o] ==> ignore
    arg [cmTryCompileExec683407202] ==> ignore
    arg [/usr/lib/../lib64/crt1.o] ==> ignore
    arg [/usr/lib/../lib64/crti.o] ==> ignore
    arg [/opt/gcc/4.8.5/lib/gcc/x86_64-unknown-linux-gnu/4.8.5/crtbegin.o] ==> ignore
    arg [-L/opt/gcc/4.8.5/lib/gcc/x86_64-unknown-linux-gnu/4.8.5] ==> dir [/opt/gcc/4.8.5/lib/gcc/x86_64-unknown-linux-gnu/4.8.5]
    arg [-L/opt/gcc/4.8.5/lib/gcc/x86_64-unknown-linux-gnu/4.8.5/../../../../lib64] ==> dir [/opt/gcc/4.8.5/lib/gcc/x86_64-unknown-linux-gnu/4.8.5/../../../../lib64]
    arg [-L/lib/../lib64] ==> dir [/lib/../lib64]
    arg [-L/usr/lib/../lib64] ==> dir [/usr/lib/../lib64]
    arg [-L/opt/gcc/4.8.5/lib/gcc/x86_64-unknown-linux-gnu/4.8.5/../../..] ==> dir [/opt/gcc/4.8.5/lib/gcc/x86_64-unknown-linux-gnu/4.8.5/../../..]
    arg [CMakeFiles/cmTryCompileExec683407202.dir/CMakeCCompilerABI.c.o] ==> ignore
    arg [-lgcc] ==> lib [gcc]
    arg [--as-needed] ==> ignore
    arg [-lgcc_s] ==> lib [gcc_s]
    arg [--no-as-needed] ==> ignore
    arg [-lc] ==> lib [c]
    arg [-lgcc] ==> lib [gcc]
    arg [--as-needed] ==> ignore
    arg [-lgcc_s] ==> lib [gcc_s]
    arg [--no-as-needed] ==> ignore
    arg [/opt/gcc/4.8.5/lib/gcc/x86_64-unknown-linux-gnu/4.8.5/crtend.o] ==> ignore
    arg [/usr/lib/../lib64/crtn.o] ==> ignore
  remove lib [gcc]
  remove lib [gcc_s]
  remove lib [gcc]
  remove lib [gcc_s]
  collapse library dir [/opt/gcc/4.8.5/lib/gcc/x86_64-unknown-linux-gnu/4.8.5] ==> [/opt/gcc/4.8.5/lib/gcc/x86_64-unknown-linux-gnu/4.8.5]
  collapse library dir [/opt/gcc/4.8.5/lib/gcc/x86_64-unknown-linux-gnu/4.8.5/../../../../lib64] ==> [/opt/gcc/4.8.5/lib64]
  collapse library dir [/lib/../lib64] ==> [/lib64]
  collapse library dir [/usr/lib/../lib64] ==> [/usr/lib64]
  collapse library dir [/opt/gcc/4.8.5/lib/gcc/x86_64-unknown-linux-gnu/4.8.5/../../..] ==> [/opt/gcc/4.8.5/lib]
  implicit libs: [c]
  implicit dirs: [/opt/gcc/4.8.5/lib/gcc/x86_64-unknown-linux-gnu/4.8.5;/opt/gcc/4.8.5/lib64;/lib64;/usr/lib64;/opt/gcc/4.8.5/lib]
  implicit fwks: []


Determining if the CXX compiler works passed with the following output:
Change Dir: /home/el114/kyu/code/mybamtools/build/CMakeFiles/CMakeTmp

Run Build Command:/usr/bin/gmake "cmTryCompileExec3630200091/fast"
/usr/bin/gmake -f CMakeFiles/cmTryCompileExec3630200091.dir/build.make CMakeFiles/cmTryCompileExec3630200091.dir/build
gmake[1]: Entering directory `/n/data1/hms/dbmi/park/alee/kyu/eclipse/workspaces/genomics/mybamtools/build/CMakeFiles/CMakeTmp'
/usr/local/bin/cmake -E cmake_progress_report /home/el114/kyu/code/mybamtools/build/CMakeFiles/CMakeTmp/CMakeFiles 1
Building CXX object CMakeFiles/cmTryCompileExec3630200091.dir/testCXXCompiler.cxx.o
/opt/gcc/4.8.5/bin/c++     -o CMakeFiles/cmTryCompileExec3630200091.dir/testCXXCompiler.cxx.o -c /home/el114/kyu/code/mybamtools/build/CMakeFiles/CMakeTmp/testCXXCompiler.cxx
Linking CXX executable cmTryCompileExec3630200091
/usr/local/bin/cmake -E cmake_link_script CMakeFiles/cmTryCompileExec3630200091.dir/link.txt --verbose=1
/opt/gcc/4.8.5/bin/c++        CMakeFiles/cmTryCompileExec3630200091.dir/testCXXCompiler.cxx.o  -o cmTryCompileExec3630200091 -rdynamic 
gmake[1]: Leaving directory `/n/data1/hms/dbmi/park/alee/kyu/eclipse/workspaces/genomics/mybamtools/build/CMakeFiles/CMakeTmp'


Detecting CXX compiler ABI info compiled with the following output:
Change Dir: /home/el114/kyu/code/mybamtools/build/CMakeFiles/CMakeTmp

Run Build Command:/usr/bin/gmake "cmTryCompileExec1071545374/fast"
/usr/bin/gmake -f CMakeFiles/cmTryCompileExec1071545374.dir/build.make CMakeFiles/cmTryCompileExec1071545374.dir/build
gmake[1]: Entering directory `/n/data1/hms/dbmi/park/alee/kyu/eclipse/workspaces/genomics/mybamtools/build/CMakeFiles/CMakeTmp'
/usr/local/bin/cmake -E cmake_progress_report /home/el114/kyu/code/mybamtools/build/CMakeFiles/CMakeTmp/CMakeFiles 1
Building CXX object CMakeFiles/cmTryCompileExec1071545374.dir/CMakeCXXCompilerABI.cpp.o
/opt/gcc/4.8.5/bin/c++     -o CMakeFiles/cmTryCompileExec1071545374.dir/CMakeCXXCompilerABI.cpp.o -c /usr/local/share/cmake-2.8/Modules/CMakeCXXCompilerABI.cpp
Linking CXX executable cmTryCompileExec1071545374
/usr/local/bin/cmake -E cmake_link_script CMakeFiles/cmTryCompileExec1071545374.dir/link.txt --verbose=1
/opt/gcc/4.8.5/bin/c++      -v CMakeFiles/cmTryCompileExec1071545374.dir/CMakeCXXCompilerABI.cpp.o  -o cmTryCompileExec1071545374 -rdynamic  
Using built-in specs.
COLLECT_GCC=/opt/gcc/4.8.5/bin/c++
COLLECT_LTO_WRAPPER=/opt/gcc/4.8.5/libexec/gcc/x86_64-unknown-linux-gnu/4.8.5/lto-wrapper
Target: x86_64-unknown-linux-gnu
Configured with: ../configure --enable-shared --prefix=/opt/gcc/4.8.5 --disable-multilib --disable-bootstrap
Thread model: posix
gcc version 4.8.5 (GCC) 
COMPILER_PATH=/opt/gcc/4.8.5/libexec/gcc/x86_64-unknown-linux-gnu/4.8.5/:/opt/gcc/4.8.5/libexec/gcc/x86_64-unknown-linux-gnu/4.8.5/:/opt/gcc/4.8.5/libexec/gcc/x86_64-unknown-linux-gnu/:/opt/gcc/4.8.5/lib/gcc/x86_64-unknown-linux-gnu/4.8.5/:/opt/gcc/4.8.5/lib/gcc/x86_64-unknown-linux-gnu/
LIBRARY_PATH=/opt/gcc/4.8.5/lib/gcc/x86_64-unknown-linux-gnu/4.8.5/:/opt/gcc/4.8.5/lib/gcc/x86_64-unknown-linux-gnu/4.8.5/../../../../lib64/:/lib/../lib64/:/usr/lib/../lib64/:/opt/gcc/4.8.5/lib/gcc/x86_64-unknown-linux-gnu/4.8.5/../../../:/lib/:/usr/lib/
COLLECT_GCC_OPTIONS='-v' '-o' 'cmTryCompileExec1071545374' '-rdynamic' '-shared-libgcc' '-mtune=generic' '-march=x86-64'
 /opt/gcc/4.8.5/libexec/gcc/x86_64-unknown-linux-gnu/4.8.5/collect2 --eh-frame-hdr -m elf_x86_64 -export-dynamic -dynamic-linker /lib64/ld-linux-x86-64.so.2 -o cmTryCompileExec1071545374 /usr/lib/../lib64/crt1.o /usr/lib/../lib64/crti.o /opt/gcc/4.8.5/lib/gcc/x86_64-unknown-linux-gnu/4.8.5/crtbegin.o -L/opt/gcc/4.8.5/lib/gcc/x86_64-unknown-linux-gnu/4.8.5 -L/opt/gcc/4.8.5/lib/gcc/x86_64-unknown-linux-gnu/4.8.5/../../../../lib64 -L/lib/../lib64 -L/usr/lib/../lib64 -L/opt/gcc/4.8.5/lib/gcc/x86_64-unknown-linux-gnu/4.8.5/../../.. CMakeFiles/cmTryCompileExec1071545374.dir/CMakeCXXCompilerABI.cpp.o -lstdc++ -lm -lgcc_s -lgcc -lc -lgcc_s -lgcc /opt/gcc/4.8.5/lib/gcc/x86_64-unknown-linux-gnu/4.8.5/crtend.o /usr/lib/../lib64/crtn.o
gmake[1]: Leaving directory `/n/data1/hms/dbmi/park/alee/kyu/eclipse/workspaces/genomics/mybamtools/build/CMakeFiles/CMakeTmp'


Parsed CXX implicit link information from above output:
  link line regex: [^( *|.*[/\])(ld|([^/\]+-)?ld|collect2)[^/\]*( |$)]
  ignore line: [Change Dir: /home/el114/kyu/code/mybamtools/build/CMakeFiles/CMakeTmp]
  ignore line: []
  ignore line: [Run Build Command:/usr/bin/gmake "cmTryCompileExec1071545374/fast"]
  ignore line: [/usr/bin/gmake -f CMakeFiles/cmTryCompileExec1071545374.dir/build.make CMakeFiles/cmTryCompileExec1071545374.dir/build]
  ignore line: [gmake[1]: Entering directory `/n/data1/hms/dbmi/park/alee/kyu/eclipse/workspaces/genomics/mybamtools/build/CMakeFiles/CMakeTmp']
  ignore line: [/usr/local/bin/cmake -E cmake_progress_report /home/el114/kyu/code/mybamtools/build/CMakeFiles/CMakeTmp/CMakeFiles 1]
  ignore line: [Building CXX object CMakeFiles/cmTryCompileExec1071545374.dir/CMakeCXXCompilerABI.cpp.o]
  ignore line: [/opt/gcc/4.8.5/bin/c++     -o CMakeFiles/cmTryCompileExec1071545374.dir/CMakeCXXCompilerABI.cpp.o -c /usr/local/share/cmake-2.8/Modules/CMakeCXXCompilerABI.cpp]
  ignore line: [Linking CXX executable cmTryCompileExec1071545374]
  ignore line: [/usr/local/bin/cmake -E cmake_link_script CMakeFiles/cmTryCompileExec1071545374.dir/link.txt --verbose=1]
  ignore line: [/opt/gcc/4.8.5/bin/c++      -v CMakeFiles/cmTryCompileExec1071545374.dir/CMakeCXXCompilerABI.cpp.o  -o cmTryCompileExec1071545374 -rdynamic  ]
  ignore line: [Using built-in specs.]
  ignore line: [COLLECT_GCC=/opt/gcc/4.8.5/bin/c++]
  ignore line: [COLLECT_LTO_WRAPPER=/opt/gcc/4.8.5/libexec/gcc/x86_64-unknown-linux-gnu/4.8.5/lto-wrapper]
  ignore line: [Target: x86_64-unknown-linux-gnu]
  ignore line: [Configured with: ../configure --enable-shared --prefix=/opt/gcc/4.8.5 --disable-multilib --disable-bootstrap]
  ignore line: [Thread model: posix]
  ignore line: [gcc version 4.8.5 (GCC) ]
  ignore line: [COMPILER_PATH=/opt/gcc/4.8.5/libexec/gcc/x86_64-unknown-linux-gnu/4.8.5/:/opt/gcc/4.8.5/libexec/gcc/x86_64-unknown-linux-gnu/4.8.5/:/opt/gcc/4.8.5/libexec/gcc/x86_64-unknown-linux-gnu/:/opt/gcc/4.8.5/lib/gcc/x86_64-unknown-linux-gnu/4.8.5/:/opt/gcc/4.8.5/lib/gcc/x86_64-unknown-linux-gnu/]
  ignore line: [LIBRARY_PATH=/opt/gcc/4.8.5/lib/gcc/x86_64-unknown-linux-gnu/4.8.5/:/opt/gcc/4.8.5/lib/gcc/x86_64-unknown-linux-gnu/4.8.5/../../../../lib64/:/lib/../lib64/:/usr/lib/../lib64/:/opt/gcc/4.8.5/lib/gcc/x86_64-unknown-linux-gnu/4.8.5/../../../:/lib/:/usr/lib/]
  ignore line: [COLLECT_GCC_OPTIONS='-v' '-o' 'cmTryCompileExec1071545374' '-rdynamic' '-shared-libgcc' '-mtune=generic' '-march=x86-64']
  link line: [ /opt/gcc/4.8.5/libexec/gcc/x86_64-unknown-linux-gnu/4.8.5/collect2 --eh-frame-hdr -m elf_x86_64 -export-dynamic -dynamic-linker /lib64/ld-linux-x86-64.so.2 -o cmTryCompileExec1071545374 /usr/lib/../lib64/crt1.o /usr/lib/../lib64/crti.o /opt/gcc/4.8.5/lib/gcc/x86_64-unknown-linux-gnu/4.8.5/crtbegin.o -L/opt/gcc/4.8.5/lib/gcc/x86_64-unknown-linux-gnu/4.8.5 -L/opt/gcc/4.8.5/lib/gcc/x86_64-unknown-linux-gnu/4.8.5/../../../../lib64 -L/lib/../lib64 -L/usr/lib/../lib64 -L/opt/gcc/4.8.5/lib/gcc/x86_64-unknown-linux-gnu/4.8.5/../../.. CMakeFiles/cmTryCompileExec1071545374.dir/CMakeCXXCompilerABI.cpp.o -lstdc++ -lm -lgcc_s -lgcc -lc -lgcc_s -lgcc /opt/gcc/4.8.5/lib/gcc/x86_64-unknown-linux-gnu/4.8.5/crtend.o /usr/lib/../lib64/crtn.o]
    arg [/opt/gcc/4.8.5/libexec/gcc/x86_64-unknown-linux-gnu/4.8.5/collect2] ==> ignore
    arg [--eh-frame-hdr] ==> ignore
    arg [-m] ==> ignore
    arg [elf_x86_64] ==> ignore
    arg [-export-dynamic] ==> ignore
    arg [-dynamic-linker] ==> ignore
    arg [/lib64/ld-linux-x86-64.so.2] ==> ignore
    arg [-o] ==> ignore
    arg [cmTryCompileExec1071545374] ==> ignore
    arg [/usr/lib/../lib64/crt1.o] ==> ignore
    arg [/usr/lib/../lib64/crti.o] ==> ignore
    arg [/opt/gcc/4.8.5/lib/gcc/x86_64-unknown-linux-gnu/4.8.5/crtbegin.o] ==> ignore
    arg [-L/opt/gcc/4.8.5/lib/gcc/x86_64-unknown-linux-gnu/4.8.5] ==> dir [/opt/gcc/4.8.5/lib/gcc/x86_64-unknown-linux-gnu/4.8.5]
    arg [-L/opt/gcc/4.8.5/lib/gcc/x86_64-unknown-linux-gnu/4.8.5/../../../../lib64] ==> dir [/opt/gcc/4.8.5/lib/gcc/x86_64-unknown-linux-gnu/4.8.5/../../../../lib64]
    arg [-L/lib/../lib64] ==> dir [/lib/../lib64]
    arg [-L/usr/lib/../lib64] ==> dir [/usr/lib/../lib64]
    arg [-L/opt/gcc/4.8.5/lib/gcc/x86_64-unknown-linux-gnu/4.8.5/../../..] ==> dir [/opt/gcc/4.8.5/lib/gcc/x86_64-unknown-linux-gnu/4.8.5/../../..]
    arg [CMakeFiles/cmTryCompileExec1071545374.dir/CMakeCXXCompilerABI.cpp.o] ==> ignore
    arg [-lstdc++] ==> lib [stdc++]
    arg [-lm] ==> lib [m]
    arg [-lgcc_s] ==> lib [gcc_s]
    arg [-lgcc] ==> lib [gcc]
    arg [-lc] ==> lib [c]
    arg [-lgcc_s] ==> lib [gcc_s]
    arg [-lgcc] ==> lib [gcc]
    arg [/opt/gcc/4.8.5/lib/gcc/x86_64-unknown-linux-gnu/4.8.5/crtend.o] ==> ignore
    arg [/usr/lib/../lib64/crtn.o] ==> ignore
  remove lib [gcc_s]
  remove lib [gcc]
  remove lib [gcc_s]
  remove lib [gcc]
  collapse library dir [/opt/gcc/4.8.5/lib/gcc/x86_64-unknown-linux-gnu/4.8.5] ==> [/opt/gcc/4.8.5/lib/gcc/x86_64-unknown-linux-gnu/4.8.5]
  collapse library dir [/opt/gcc/4.8.5/lib/gcc/x86_64-unknown-linux-gnu/4.8.5/../../../../lib64] ==> [/opt/gcc/4.8.5/lib64]
  collapse library dir [/lib/../lib64] ==> [/lib64]
  collapse library dir [/usr/lib/../lib64] ==> [/usr/lib64]
  collapse library dir [/opt/gcc/4.8.5/lib/gcc/x86_64-unknown-linux-gnu/4.8.5/../../..] ==> [/opt/gcc/4.8.5/lib]
  implicit libs: [stdc++;m;c]
  implicit dirs: [/opt/gcc/4.8.5/lib/gcc/x86_64-unknown-linux-gnu/4.8.5;/opt/gcc/4.8.5/lib64;/lib64;/usr/lib64;/opt/gcc/4.8.5/lib]
  implicit fwks: []


