15:16:10 **** Clean-only build of configuration Release for project TeaQ ****
make clean 
rm -rf  ./src/ReadClipper.o ./src/TeaQ.o  ./src/ReadClipper.d ./src/TeaQ.d  TeaQ
 
15:17:59 **** Incremental Build of configuration Release for project cTea ****
make all 
Building file: ../src/ReadClipper.cpp
Invoking: Cross G++ Compiler
g++ -std=c++0x -I"/n/data1/hms/dbmi/park/alee/kyu/eclipse/workspaces/genomics/bamtools/src" -I/opt/boost-1.57.0/include -O3 -Wall -c -fmessage-length=0 -MMD -MP -MF"src/ReadClipper.d" -MT"src/ReadClipper.o" -o "src/ReadClipper.o" "../src/ReadClipper.cpp"
../src/ReadClipper.cpp: In function ‘void TeaQ::clip(std::string&, int64_t)’:
../src/ReadClipper.cpp:126:18: warning: suggest parentheses around comparison in operand of ‘|’ [-Wparentheses]
    else if (type == 'S' | type == 's') {
                  ^
../src/ReadClipper.cpp: In function ‘void TeaQ::contiggen(std::string, char, std::string, std::string)’:
../src/ReadClipper.cpp:405:33: warning: comparison between signed and unsigned integer expressions [-Wsign-compare]
      if (s_chr_index == string::npos
                                 ^
../src/ReadClipper.cpp:406:34: warning: comparison between signed and unsigned integer expressions [-Wsign-compare]
        || s_pos_index == string::npos) {
                                  ^
../src/ReadClipper.cpp:424:34: warning: comparison between signed and unsigned integer expressions [-Wsign-compare]
       if (s_chr_index == string::npos
                                  ^
../src/ReadClipper.cpp:425:35: warning: comparison between signed and unsigned integer expressions [-Wsign-compare]
         || s_pos_index == string::npos) {
                                   ^
../src/ReadClipper.cpp:330:10: warning: unused variable ‘refID’ [-Wunused-variable]
  int64_t refID;
          ^
../src/ReadClipper.cpp: In function ‘void TeaQ::give_refName(std::string&)’:
../src/ReadClipper.cpp:563:28: warning: comparison between signed and unsigned integer expressions [-Wsign-compare]
   if (first_tab == string::npos) {
                            ^
Finished building: ../src/ReadClipper.cpp
 
Building file: ../src/TeaQ.cpp
Invoking: Cross G++ Compiler
g++ -std=c++0x -I"/n/data1/hms/dbmi/park/alee/kyu/eclipse/workspaces/genomics/bamtools/src" -I/opt/boost-1.57.0/include -O3 -Wall -c -fmessage-length=0 -MMD -MP -MF"src/TeaQ.d" -MT"src/TeaQ.o" -o "src/TeaQ.o" "../src/TeaQ.cpp"
Finished building: ../src/TeaQ.cpp
 
Building target: cTea
Invoking: Cross G++ Linker
g++ -L"/n/data1/hms/dbmi/park/alee/kyu/eclipse/workspaces/genomics/bamtools/lib" -L/opt/boost-1.57.0/lib -o "cTea"  ./src/ReadClipper.o ./src/TeaQ.o   -lbamtools -lbamtools-utils -lboost_system -lboost_filesystem
Finished building target: cTea
 
15:19:38 **** Incremental Build of configuration Release for project cTea ****
make all 
Building file: ../src/ReadClipper.cpp
Invoking: Cross G++ Compiler
g++ -std=c++0x -I"/n/data1/hms/dbmi/park/alee/kyu/eclipse/workspaces/genomics/bamtools/src" -I/opt/boost-1.57.0/include -O3 -Wall -c -fmessage-length=0 -MMD -MP -MF"src/ReadClipper.d" -MT"src/ReadClipper.o" -o "src/ReadClipper.o" "../src/ReadClipper.cpp"
Finished building: ../src/ReadClipper.cpp
 
Building target: cTea
Invoking: Cross G++ Linker
g++ -L"/n/data1/hms/dbmi/park/alee/kyu/eclipse/workspaces/genomics/bamtools/lib" -L/opt/boost-1.57.0/lib -o "cTea"  ./src/ReadClipper.o ./src/TeaQ.o   -lbamtools -lbamtools-utils -lboost_system -lboost_filesystem
Finished building target: cTea
 
