15:54:50 **** Incremental Build of configuration Release for project meerkat_tmp ****
make -j8 all 
Building file: ../src/third/gzstream.cpp
Building file: ../src/third/razf.c
Building file: ../src/third/faidx.c
Building file: ../src/meerkat/preprocess/ParallelBamReader.cpp
Building file: ../src/third/xfaidx.cpp
Building file: ../src/meerkat/preprocess/Histogram.cpp
Building file: ../src/meerkat/preprocess/ReadGroup.cpp
Building file: ../src/meerkat/srd/SplitReadReAlign.cpp
Invoking: Cross G++ Compiler
g++ -static -pthread -std=c++11 -fopenmp -D__cplusplus=201103L -I/n/data1/hms/dbmi/park/vincent_lim/codes/Meerkat/src/mybamtools/src -I/opt/boost-1.57.0/include -I/opt/gcc/4.8.5/include/c++/4.8.5 -O3 -Wall -c -fmessage-length=0 -MMD -MP -MF"src/third/gzstream.d" -MT"src/third/gzstream.o" -o "src/third/gzstream.o" "../src/third/gzstream.cpp"
Invoking: Cross GCC Compiler
gcc -static -pthread -fopenmp -I/n/data1/hms/dbmi/park/vincent_lim/codes/Meerkat/src/mybamtools/src -I/opt/boost-1.57.0/include -I/opt/gcc/4.8.5/include/c++/4.8.5 -O3 -Wall -c -fmessage-length=0 -MMD -MP -MF"src/third/razf.d" -MT"src/third/razf.o" -o "src/third/razf.o" "../src/third/razf.c"
Invoking: Cross GCC Compiler
gcc -static -pthread -fopenmp -I/n/data1/hms/dbmi/park/vincent_lim/codes/Meerkat/src/mybamtools/src -I/opt/boost-1.57.0/include -I/opt/gcc/4.8.5/include/c++/4.8.5 -O3 -Wall -c -fmessage-length=0 -MMD -MP -MF"src/third/faidx.d" -MT"src/third/faidx.o" -o "src/third/faidx.o" "../src/third/faidx.c"
Invoking: Cross G++ Compiler
g++ -static -pthread -std=c++11 -fopenmp -D__cplusplus=201103L -I/n/data1/hms/dbmi/park/vincent_lim/codes/Meerkat/src/mybamtools/src -I/opt/boost-1.57.0/include -I/opt/gcc/4.8.5/include/c++/4.8.5 -O3 -Wall -c -fmessage-length=0 -MMD -MP -MF"src/meerkat/preprocess/ParallelBamReader.d" -MT"src/meerkat/preprocess/ParallelBamReader.o" -o "src/meerkat/preprocess/ParallelBamReader.o" "../src/meerkat/preprocess/ParallelBamReader.cpp"
Invoking: Cross G++ Compiler
g++ -static -pthread -std=c++11 -fopenmp -D__cplusplus=201103L -I/n/data1/hms/dbmi/park/vincent_lim/codes/Meerkat/src/mybamtools/src -I/opt/boost-1.57.0/include -I/opt/gcc/4.8.5/include/c++/4.8.5 -O3 -Wall -c -fmessage-length=0 -MMD -MP -MF"src/third/xfaidx.d" -MT"src/third/xfaidx.o" -o "src/third/xfaidx.o" "../src/third/xfaidx.cpp"
Invoking: Cross G++ Compiler
g++ -static -pthread -std=c++11 -fopenmp -D__cplusplus=201103L -I/n/data1/hms/dbmi/park/vincent_lim/codes/Meerkat/src/mybamtools/src -I/opt/boost-1.57.0/include -I/opt/gcc/4.8.5/include/c++/4.8.5 -O3 -Wall -c -fmessage-length=0 -MMD -MP -MF"src/meerkat/preprocess/Histogram.d" -MT"src/meerkat/preprocess/Histogram.o" -o "src/meerkat/preprocess/Histogram.o" "../src/meerkat/preprocess/Histogram.cpp"
Invoking: Cross G++ Compiler
g++ -static -pthread -std=c++11 -fopenmp -D__cplusplus=201103L -I/n/data1/hms/dbmi/park/vincent_lim/codes/Meerkat/src/mybamtools/src -I/opt/boost-1.57.0/include -I/opt/gcc/4.8.5/include/c++/4.8.5 -O3 -Wall -c -fmessage-length=0 -MMD -MP -MF"src/meerkat/srd/SplitReadReAlign.d" -MT"src/meerkat/srd/SplitReadReAlign.o" -o "src/meerkat/srd/SplitReadReAlign.o" "../src/meerkat/srd/SplitReadReAlign.cpp"
Invoking: Cross G++ Compiler
g++ -static -pthread -std=c++11 -fopenmp -D__cplusplus=201103L -I/n/data1/hms/dbmi/park/vincent_lim/codes/Meerkat/src/mybamtools/src -I/opt/boost-1.57.0/include -I/opt/gcc/4.8.5/include/c++/4.8.5 -O3 -Wall -c -fmessage-length=0 -MMD -MP -MF"src/meerkat/preprocess/ReadGroup.d" -MT"src/meerkat/preprocess/ReadGroup.o" -o "src/meerkat/preprocess/ReadGroup.o" "../src/meerkat/preprocess/ReadGroup.cpp"
Finished building: ../src/third/razf.c
 
Building file: ../src/meerkat/preprocess/ReadGroupAlt.cpp
Invoking: Cross G++ Compiler
g++ -static -pthread -std=c++11 -fopenmp -D__cplusplus=201103L -I/n/data1/hms/dbmi/park/vincent_lim/codes/Meerkat/src/mybamtools/src -I/opt/boost-1.57.0/include -I/opt/gcc/4.8.5/include/c++/4.8.5 -O3 -Wall -c -fmessage-length=0 -MMD -MP -MF"src/meerkat/preprocess/ReadGroupAlt.d" -MT"src/meerkat/preprocess/ReadGroupAlt.o" -o "src/meerkat/preprocess/ReadGroupAlt.o" "../src/meerkat/preprocess/ReadGroupAlt.cpp"
Finished building: ../src/third/faidx.c
 
Building file: ../src/meerkat/mpd/MatePairDiscordantCaller.cpp
Invoking: Cross G++ Compiler
g++ -static -pthread -std=c++11 -fopenmp -D__cplusplus=201103L -I/n/data1/hms/dbmi/park/vincent_lim/codes/Meerkat/src/mybamtools/src -I/opt/boost-1.57.0/include -I/opt/gcc/4.8.5/include/c++/4.8.5 -O3 -Wall -c -fmessage-length=0 -MMD -MP -MF"src/meerkat/mpd/MatePairDiscordantCaller.d" -MT"src/meerkat/mpd/MatePairDiscordantCaller.o" -o "src/meerkat/mpd/MatePairDiscordantCaller.o" "../src/meerkat/mpd/MatePairDiscordantCaller.cpp"
Finished building: ../src/third/gzstream.cpp
 
Building file: ../src/meerkat/mechanism/Mechanism.cpp
Invoking: Cross G++ Compiler
g++ -static -pthread -std=c++11 -fopenmp -D__cplusplus=201103L -I/n/data1/hms/dbmi/park/vincent_lim/codes/Meerkat/src/mybamtools/src -I/opt/boost-1.57.0/include -I/opt/gcc/4.8.5/include/c++/4.8.5 -O3 -Wall -c -fmessage-length=0 -MMD -MP -MF"src/meerkat/mechanism/Mechanism.d" -MT"src/meerkat/mechanism/Mechanism.o" -o "src/meerkat/mechanism/Mechanism.o" "../src/meerkat/mechanism/Mechanism.cpp"
Finished building: ../src/meerkat/preprocess/Histogram.cpp
 
Building file: ../src/meerkat/filter/OutputFilter.cpp
Invoking: Cross G++ Compiler
g++ -static -pthread -std=c++11 -fopenmp -D__cplusplus=201103L -I/n/data1/hms/dbmi/park/vincent_lim/codes/Meerkat/src/mybamtools/src -I/opt/boost-1.57.0/include -I/opt/gcc/4.8.5/include/c++/4.8.5 -O3 -Wall -c -fmessage-length=0 -MMD -MP -MF"src/meerkat/filter/OutputFilter.d" -MT"src/meerkat/filter/OutputFilter.o" -o "src/meerkat/filter/OutputFilter.o" "../src/meerkat/filter/OutputFilter.cpp"
Finished building: ../src/meerkat/preprocess/ReadGroupAlt.cpp
 
Building file: ../src/meerkat/filter/SelectionFilter.cpp
Invoking: Cross G++ Compiler
g++ -static -pthread -std=c++11 -fopenmp -D__cplusplus=201103L -I/n/data1/hms/dbmi/park/vincent_lim/codes/Meerkat/src/mybamtools/src -I/opt/boost-1.57.0/include -I/opt/gcc/4.8.5/include/c++/4.8.5 -O3 -Wall -c -fmessage-length=0 -MMD -MP -MF"src/meerkat/filter/SelectionFilter.d" -MT"src/meerkat/filter/SelectionFilter.o" -o "src/meerkat/filter/SelectionFilter.o" "../src/meerkat/filter/SelectionFilter.cpp"
Finished building: ../src/third/xfaidx.cpp
 
Building file: ../src/meerkat/dre/Group.cpp
Invoking: Cross G++ Compiler
g++ -static -pthread -std=c++11 -fopenmp -D__cplusplus=201103L -I/n/data1/hms/dbmi/park/vincent_lim/codes/Meerkat/src/mybamtools/src -I/opt/boost-1.57.0/include -I/opt/gcc/4.8.5/include/c++/4.8.5 -O3 -Wall -c -fmessage-length=0 -MMD -MP -MF"src/meerkat/dre/Group.d" -MT"src/meerkat/dre/Group.o" -o "src/meerkat/dre/Group.o" "../src/meerkat/dre/Group.cpp"
Finished building: ../src/meerkat/preprocess/ReadGroup.cpp
 
Building file: ../src/meerkat/dre/ParallelDiscordExtractor.cpp
Invoking: Cross G++ Compiler
g++ -static -pthread -std=c++11 -fopenmp -D__cplusplus=201103L -I/n/data1/hms/dbmi/park/vincent_lim/codes/Meerkat/src/mybamtools/src -I/opt/boost-1.57.0/include -I/opt/gcc/4.8.5/include/c++/4.8.5 -O3 -Wall -c -fmessage-length=0 -MMD -MP -MF"src/meerkat/dre/ParallelDiscordExtractor.d" -MT"src/meerkat/dre/ParallelDiscordExtractor.o" -o "src/meerkat/dre/ParallelDiscordExtractor.o" "../src/meerkat/dre/ParallelDiscordExtractor.cpp"
Finished building: ../src/meerkat/dre/Group.cpp
 
Building file: ../src/meerkat/cns/CNVOverlapper.cpp
Invoking: Cross G++ Compiler
g++ -static -pthread -std=c++11 -fopenmp -D__cplusplus=201103L -I/n/data1/hms/dbmi/park/vincent_lim/codes/Meerkat/src/mybamtools/src -I/opt/boost-1.57.0/include -I/opt/gcc/4.8.5/include/c++/4.8.5 -O3 -Wall -c -fmessage-length=0 -MMD -MP -MF"src/meerkat/cns/CNVOverlapper.d" -MT"src/meerkat/cns/CNVOverlapper.o" -o "src/meerkat/cns/CNVOverlapper.o" "../src/meerkat/cns/CNVOverlapper.cpp"
Finished building: ../src/meerkat/filter/SelectionFilter.cpp
 
Building file: ../src/meerkat/cluster/AlternativeMapper.cpp
Invoking: Cross G++ Compiler
g++ -static -pthread -std=c++11 -fopenmp -D__cplusplus=201103L -I/n/data1/hms/dbmi/park/vincent_lim/codes/Meerkat/src/mybamtools/src -I/opt/boost-1.57.0/include -I/opt/gcc/4.8.5/include/c++/4.8.5 -O3 -Wall -c -fmessage-length=0 -MMD -MP -MF"src/meerkat/cluster/AlternativeMapper.d" -MT"src/meerkat/cluster/AlternativeMapper.o" -o "src/meerkat/cluster/AlternativeMapper.o" "../src/meerkat/cluster/AlternativeMapper.cpp"
Finished building: ../src/meerkat/filter/OutputFilter.cpp
 
Building file: ../src/meerkat/cluster/Cluster.cpp
Invoking: Cross G++ Compiler
g++ -static -pthread -std=c++11 -fopenmp -D__cplusplus=201103L -I/n/data1/hms/dbmi/park/vincent_lim/codes/Meerkat/src/mybamtools/src -I/opt/boost-1.57.0/include -I/opt/gcc/4.8.5/include/c++/4.8.5 -O3 -Wall -c -fmessage-length=0 -MMD -MP -MF"src/meerkat/cluster/Cluster.d" -MT"src/meerkat/cluster/Cluster.o" -o "src/meerkat/cluster/Cluster.o" "../src/meerkat/cluster/Cluster.cpp"
Finished building: ../src/meerkat/mechanism/Mechanism.cpp
 
Finished building: ../src/meerkat/cluster/Cluster.cpp
Building file: ../src/meerkat/cluster/ClusterContainer.cpp
 
Invoking: Cross G++ Compiler
g++ -static -pthread -std=c++11 -fopenmp -D__cplusplus=201103L -I/n/data1/hms/dbmi/park/vincent_lim/codes/Meerkat/src/mybamtools/src -I/opt/boost-1.57.0/include -I/opt/gcc/4.8.5/include/c++/4.8.5 -O3 -Wall -c -fmessage-length=0 -MMD -MP -MF"src/meerkat/cluster/ClusterContainer.d" -MT"src/meerkat/cluster/ClusterContainer.o" -o "src/meerkat/cluster/ClusterContainer.o" "../src/meerkat/cluster/ClusterContainer.cpp"
Building file: ../src/meerkat/cluster/ClusterSelector.cpp
Invoking: Cross G++ Compiler
g++ -static -pthread -std=c++11 -fopenmp -D__cplusplus=201103L -I/n/data1/hms/dbmi/park/vincent_lim/codes/Meerkat/src/mybamtools/src -I/opt/boost-1.57.0/include -I/opt/gcc/4.8.5/include/c++/4.8.5 -O3 -Wall -c -fmessage-length=0 -MMD -MP -MF"src/meerkat/cluster/ClusterSelector.d" -MT"src/meerkat/cluster/ClusterSelector.o" -o "src/meerkat/cluster/ClusterSelector.o" "../src/meerkat/cluster/ClusterSelector.cpp"
Finished building: ../src/meerkat/cluster/ClusterContainer.cpp
 
Building file: ../src/meerkat/cluster/Read.cpp
Invoking: Cross G++ Compiler
g++ -static -pthread -std=c++11 -fopenmp -D__cplusplus=201103L -I/n/data1/hms/dbmi/park/vincent_lim/codes/Meerkat/src/mybamtools/src -I/opt/boost-1.57.0/include -I/opt/gcc/4.8.5/include/c++/4.8.5 -O3 -Wall -c -fmessage-length=0 -MMD -MP -MF"src/meerkat/cluster/Read.d" -MT"src/meerkat/cluster/Read.o" -o "src/meerkat/cluster/Read.o" "../src/meerkat/cluster/Read.cpp"
Finished building: ../src/meerkat/cluster/Read.cpp
 
Building file: ../src/meerkat/cluster/ReadInfo.cpp
Invoking: Cross G++ Compiler
g++ -static -pthread -std=c++11 -fopenmp -D__cplusplus=201103L -I/n/data1/hms/dbmi/park/vincent_lim/codes/Meerkat/src/mybamtools/src -I/opt/boost-1.57.0/include -I/opt/gcc/4.8.5/include/c++/4.8.5 -O3 -Wall -c -fmessage-length=0 -MMD -MP -MF"src/meerkat/cluster/ReadInfo.d" -MT"src/meerkat/cluster/ReadInfo.o" -o "src/meerkat/cluster/ReadInfo.o" "../src/meerkat/cluster/ReadInfo.cpp"
Finished building: ../src/meerkat/cluster/ReadInfo.cpp
 
Finished building: ../src/meerkat/cns/CNVOverlapper.cpp
Building file: ../src/meerkat/cluster/Readpair.cpp
 
Invoking: Cross G++ Compiler
g++ -static -pthread -std=c++11 -fopenmp -D__cplusplus=201103L -I/n/data1/hms/dbmi/park/vincent_lim/codes/Meerkat/src/mybamtools/src -I/opt/boost-1.57.0/include -I/opt/gcc/4.8.5/include/c++/4.8.5 -O3 -Wall -c -fmessage-length=0 -MMD -MP -MF"src/meerkat/cluster/Readpair.d" -MT"src/meerkat/cluster/Readpair.o" -o "src/meerkat/cluster/Readpair.o" "../src/meerkat/cluster/Readpair.cpp"
Building file: ../src/meerkat/blast_bp/BLASTBreakPoints.cpp
Invoking: Cross G++ Compiler
g++ -static -pthread -std=c++11 -fopenmp -D__cplusplus=201103L -I/n/data1/hms/dbmi/park/vincent_lim/codes/Meerkat/src/mybamtools/src -I/opt/boost-1.57.0/include -I/opt/gcc/4.8.5/include/c++/4.8.5 -O3 -Wall -c -fmessage-length=0 -MMD -MP -MF"src/meerkat/blast_bp/BLASTBreakPoints.d" -MT"src/meerkat/blast_bp/BLASTBreakPoints.o" -o "src/meerkat/blast_bp/BLASTBreakPoints.o" "../src/meerkat/blast_bp/BLASTBreakPoints.cpp"
Finished building: ../src/meerkat/dre/ParallelDiscordExtractor.cpp
 
Building file: ../src/meerkat/alg/SplitReadSVCaller.cpp
Invoking: Cross G++ Compiler
g++ -static -pthread -std=c++11 -fopenmp -D__cplusplus=201103L -I/n/data1/hms/dbmi/park/vincent_lim/codes/Meerkat/src/mybamtools/src -I/opt/boost-1.57.0/include -I/opt/gcc/4.8.5/include/c++/4.8.5 -O3 -Wall -c -fmessage-length=0 -MMD -MP -MF"src/meerkat/alg/SplitReadSVCaller.d" -MT"src/meerkat/alg/SplitReadSVCaller.o" -o "src/meerkat/alg/SplitReadSVCaller.o" "../src/meerkat/alg/SplitReadSVCaller.cpp"
Finished building: ../src/meerkat/preprocess/ParallelBamReader.cpp
 
Building file: ../src/meerkat/BWACaller.cpp
Invoking: Cross G++ Compiler
g++ -static -pthread -std=c++11 -fopenmp -D__cplusplus=201103L -I/n/data1/hms/dbmi/park/vincent_lim/codes/Meerkat/src/mybamtools/src -I/opt/boost-1.57.0/include -I/opt/gcc/4.8.5/include/c++/4.8.5 -O3 -Wall -c -fmessage-length=0 -MMD -MP -MF"src/meerkat/BWACaller.d" -MT"src/meerkat/BWACaller.o" -o "src/meerkat/BWACaller.o" "../src/meerkat/BWACaller.cpp"
Finished building: ../src/meerkat/cluster/Readpair.cpp
 
Building file: ../src/castle/MathUtils.cpp
Invoking: Cross G++ Compiler
g++ -static -pthread -std=c++11 -fopenmp -D__cplusplus=201103L -I/n/data1/hms/dbmi/park/vincent_lim/codes/Meerkat/src/mybamtools/src -I/opt/boost-1.57.0/include -I/opt/gcc/4.8.5/include/c++/4.8.5 -O3 -Wall -c -fmessage-length=0 -MMD -MP -MF"src/castle/MathUtils.d" -MT"src/castle/MathUtils.o" -o "src/castle/MathUtils.o" "../src/castle/MathUtils.cpp"
Finished building: ../src/meerkat/srd/SplitReadReAlign.cpp
 
Building file: ../src/castle/OptionParser.cpp
Invoking: Cross G++ Compiler
g++ -static -pthread -std=c++11 -fopenmp -D__cplusplus=201103L -I/n/data1/hms/dbmi/park/vincent_lim/codes/Meerkat/src/mybamtools/src -I/opt/boost-1.57.0/include -I/opt/gcc/4.8.5/include/c++/4.8.5 -O3 -Wall -c -fmessage-length=0 -MMD -MP -MF"src/castle/OptionParser.d" -MT"src/castle/OptionParser.o" -o "src/castle/OptionParser.o" "../src/castle/OptionParser.cpp"
Finished building: ../src/meerkat/mpd/MatePairDiscordantCaller.cpp
 
Building file: ../src/bam_reader_test.cpp
Invoking: Cross G++ Compiler
g++ -static -pthread -std=c++11 -fopenmp -D__cplusplus=201103L -I/n/data1/hms/dbmi/park/vincent_lim/codes/Meerkat/src/mybamtools/src -I/opt/boost-1.57.0/include -I/opt/gcc/4.8.5/include/c++/4.8.5 -O3 -Wall -c -fmessage-length=0 -MMD -MP -MF"src/bam_reader_test.d" -MT"src/bam_reader_test.o" -o "src/bam_reader_test.o" "../src/bam_reader_test.cpp"
Finished building: ../src/meerkat/cluster/ClusterSelector.cpp
 
Finished building: ../src/castle/MathUtils.cpp
 
Finished building: ../src/meerkat/cluster/AlternativeMapper.cpp
 
Finished building: ../src/castle/OptionParser.cpp
 
Finished building: ../src/meerkat/BWACaller.cpp
 
Finished building: ../src/bam_reader_test.cpp
 
Finished building: ../src/meerkat/blast_bp/BLASTBreakPoints.cpp
 
Finished building: ../src/meerkat/alg/SplitReadSVCaller.cpp
 
Building target: meerkat_tmp
Invoking: Cross G++ Linker
g++ -static -pthread -std=c++11 -fopenmp -L"/n/data1/hms/dbmi/park/alee/kyu/eclipse/workspaces/genomics/mybamtools/lib" -L"/n/data1/hms/dbmi/park/alee/kyu/eclipse/workspaces/genomics/lib" -L/opt/boost-1.57.0/lib -o "meerkat_tmp"  ./src/third/faidx.o ./src/third/gzstream.o ./src/third/razf.o ./src/third/xfaidx.o  ./src/meerkat/srd/SplitReadReAlign.o  ./src/meerkat/preprocess/Histogram.o ./src/meerkat/preprocess/ParallelBamReader.o ./src/meerkat/preprocess/ReadGroup.o ./src/meerkat/preprocess/ReadGroupAlt.o  ./src/meerkat/mpd/MatePairDiscordantCaller.o  ./src/meerkat/mechanism/Mechanism.o  ./src/meerkat/filter/OutputFilter.o ./src/meerkat/filter/SelectionFilter.o  ./src/meerkat/dre/Group.o ./src/meerkat/dre/ParallelDiscordExtractor.o  ./src/meerkat/cns/CNVOverlapper.o  ./src/meerkat/cluster/AlternativeMapper.o ./src/meerkat/cluster/Cluster.o ./src/meerkat/cluster/ClusterContainer.o ./src/meerkat/cluster/ClusterSelector.o ./src/meerkat/cluster/Read.o ./src/meerkat/cluster/ReadInfo.o ./src/meerkat/cluster/Readpair.o  ./src/meerkat/blast_bp/BLASTBreakPoints.o  ./src/meerkat/alg/SplitReadSVCaller.o  ./src/meerkat/BWACaller.o  ./src/castle/MathUtils.o ./src/castle/OptionParser.o  ./src/bam_reader_test.o   -lbamtools-utils -lmeerkat_lib -lm -lbamtools -lboost_system -lboost_filesystem -lboost_thread -lboost_regex -lrt -lz
Finished building target: meerkat_tmp
 

15:56:01 Build Finished (took 1m:10s.773ms)

