15:02:42 **** Incremental Build of configuration Release for project mybamtools ****
make -C /home/el114/kyu/code/mybamtools/build -j 8 all 
make: Entering directory `/n/data1/bch/genetics/lee/kyu/eclipse/workspaces/genomics/mybamtools/build'
make[1]: Entering directory `/n/data1/bch/genetics/lee/kyu/eclipse/workspaces/genomics/mybamtools/build'
make[2]: Entering directory `/n/data1/bch/genetics/lee/kyu/eclipse/workspaces/genomics/mybamtools/build'
make[2]: Entering directory `/n/data1/bch/genetics/lee/kyu/eclipse/workspaces/genomics/mybamtools/build'
make[2]: Entering directory `/n/data1/bch/genetics/lee/kyu/eclipse/workspaces/genomics/mybamtools/build'
make[2]: Entering directory `/n/data1/bch/genetics/lee/kyu/eclipse/workspaces/genomics/mybamtools/build'
make[2]: Leaving directory `/n/data1/bch/genetics/lee/kyu/eclipse/workspaces/genomics/mybamtools/build'
make[2]: Leaving directory `/n/data1/bch/genetics/lee/kyu/eclipse/workspaces/genomics/mybamtools/build'
make[2]: Leaving directory `/n/data1/bch/genetics/lee/kyu/eclipse/workspaces/genomics/mybamtools/build'
make[2]: Leaving directory `/n/data1/bch/genetics/lee/kyu/eclipse/workspaces/genomics/mybamtools/build'
[ 36%] [ 48%] [ 46%] [ 55%] Built target jsoncpp
Built target BamTools
Built target jsoncppST
Built target BamToolsST
make[2]: Entering directory `/n/data1/bch/genetics/lee/kyu/eclipse/workspaces/genomics/mybamtools/build'
make[2]: Entering directory `/n/data1/bch/genetics/lee/kyu/eclipse/workspaces/genomics/mybamtools/build'
make[2]: Leaving directory `/n/data1/bch/genetics/lee/kyu/eclipse/workspaces/genomics/mybamtools/build'
make[2]: Leaving directory `/n/data1/bch/genetics/lee/kyu/eclipse/workspaces/genomics/mybamtools/build'
[ 63%] [ 72%] Built target BamTools-utils
Built target BamTools-utilsST
make[2]: Entering directory `/n/data1/bch/genetics/lee/kyu/eclipse/workspaces/genomics/mybamtools/build'
make[2]: Leaving directory `/n/data1/bch/genetics/lee/kyu/eclipse/workspaces/genomics/mybamtools/build'
[100%] Built target bamtools
make[1]: Leaving directory `/n/data1/bch/genetics/lee/kyu/eclipse/workspaces/genomics/mybamtools/build'
make: Leaving directory `/n/data1/bch/genetics/lee/kyu/eclipse/workspaces/genomics/mybamtools/build'

15:02:45 Build Finished (took 3s.378ms)

